Iter: 1 | Zinf: 100,00 | Zsup: 606646,10 | minZsup: 606646,10 | O_Cuts: 192 | FCuts: 0 | Time: 2,67 (s)
Iter: 2 | Zinf: 100,00 | Zsup: 661527,46 | minZsup: 606646,10 | O_Cuts: 384 | FCuts: 0 | Time: 5,08 (s)
Iter: 3 | Zinf: 100,00 | Zsup: 656145,53 | minZsup: 606646,10 | O_Cuts: 576 | FCuts: 0 | Time: 7,67 (s)
Iter: 4 | Zinf: 100,00 | Zsup: 646717,69 | minZsup: 606646,10 | O_Cuts: 768 | FCuts: 0 | Time: 9,91 (s)
Iter: 5 | Zinf: 100,00 | Zsup: 679161,61 | minZsup: 606646,10 | O_Cuts: 960 | FCuts: 0 | Time: 12,59 (s)
Iter: 6 | Zinf: 100,00 | Zsup: 641224,39 | minZsup: 606646,10 | O_Cuts: 1152 | FCuts: 0 | Time: 15,12 (s)
Iter: 7 | Zinf: 100,00 | Zsup: 623284,01 | minZsup: 606646,10 | O_Cuts: 1344 | FCuts: 0 | Time: 17,88 (s)
Iter: 8 | Zinf: 100,00 | Zsup: 628276,36 | minZsup: 606646,10 | O_Cuts: 1536 | FCuts: 0 | Time: 20,71 (s)
Iter: 9 | Zinf: 100,00 | Zsup: 640401,51 | minZsup: 606646,10 | O_Cuts: 1728 | FCuts: 0 | Time: 23,47 (s)
Iter: 10 | Zinf: 150,00 | Zsup: 660214,02 | minZsup: 606646,10 | O_Cuts: 1920 | FCuts: 0 | Time: 25,97 (s)
Iter: 11 | Zinf: 150,00 | Zsup: 655195,71 | minZsup: 606646,10 | O_Cuts: 2112 | FCuts: 0 | Time: 28,67 (s)
Iter: 12 | Zinf: 180,00 | Zsup: 592732,47 | minZsup: 592732,47 | O_Cuts: 2304 | FCuts: 0 | Time: 31,53 (s)
Iter: 13 | Zinf: 190,00 | Zsup: 621653,36 | minZsup: 592732,47 | O_Cuts: 2496 | FCuts: 0 | Time: 34,07 (s)
Iter: 14 | Zinf: 190,00 | Zsup: 632264,88 | minZsup: 592732,47 | O_Cuts: 2688 | FCuts: 0 | Time: 37,08 (s)
Iter: 15 | Zinf: 220,00 | Zsup: 655265,71 | minZsup: 592732,47 | O_Cuts: 2880 | FCuts: 0 | Time: 39,79 (s)
Iter: 16 | Zinf: 220,00 | Zsup: 614746,54 | minZsup: 592732,47 | O_Cuts: 3072 | FCuts: 0 | Time: 42,37 (s)
Iter: 17 | Zinf: 220,00 | Zsup: 592772,47 | minZsup: 592732,47 | O_Cuts: 3264 | FCuts: 0 | Time: 45,37 (s)
Iter: 18 | Zinf: 240,00 | Zsup: 632424,00 | minZsup: 592732,47 | O_Cuts: 3456 | FCuts: 0 | Time: 48,24 (s)
Iter: 19 | Zinf: 250,00 | Zsup: 627166,79 | minZsup: 592732,47 | O_Cuts: 3648 | FCuts: 0 | Time: 51,06 (s)
Iter: 20 | Zinf: 250,00 | Zsup: 615078,25 | minZsup: 592732,47 | O_Cuts: 3840 | FCuts: 0 | Time: 53,97 (s)
Iter: 21 | Zinf: 270,00 | Zsup: 596292,58 | minZsup: 592732,47 | O_Cuts: 4032 | FCuts: 0 | Time: 57,86 (s)
Iter: 22 | Zinf: 270,00 | Zsup: 596108,08 | minZsup: 592732,47 | O_Cuts: 4224 | FCuts: 0 | Time: 61,06 (s)
Iter: 23 | Zinf: 280,00 | Zsup: 586926,53 | minZsup: 586926,53 | O_Cuts: 4416 | FCuts: 0 | Time: 64,45 (s)
Iter: 24 | Zinf: 290,00 | Zsup: 660354,02 | minZsup: 586926,53 | O_Cuts: 4608 | FCuts: 0 | Time: 67,27 (s)
Iter: 25 | Zinf: 290,00 | Zsup: 655335,71 | minZsup: 586926,53 | O_Cuts: 4800 | FCuts: 0 | Time: 70,00 (s)
Iter: 26 | Zinf: 300,00 | Zsup: 586483,68 | minZsup: 586483,68 | O_Cuts: 4992 | FCuts: 0 | Time: 73,64 (s)
Iter: 27 | Zinf: 310,00 | Zsup: 591174,49 | minZsup: 586483,68 | O_Cuts: 5184 | FCuts: 0 | Time: 76,90 (s)
Iter: 28 | Zinf: 310,00 | Zsup: 589512,98 | minZsup: 586483,68 | O_Cuts: 5376 | FCuts: 0 | Time: 80,05 (s)
Iter: 29 | Zinf: 330,00 | Zsup: 593913,34 | minZsup: 586483,68 | O_Cuts: 5568 | FCuts: 0 | Time: 83,23 (s)
Iter: 30 | Zinf: 330,00 | Zsup: 592701,37 | minZsup: 586483,68 | O_Cuts: 5760 | FCuts: 0 | Time: 86,80 (s)
Iter: 31 | Zinf: 340,00 | Zsup: 586523,68 | minZsup: 586483,68 | O_Cuts: 5952 | FCuts: 0 | Time: 90,27 (s)
Iter: 32 | Zinf: 340,00 | Zsup: 655385,71 | minZsup: 586483,68 | O_Cuts: 6144 | FCuts: 0 | Time: 93,06 (s)
Iter: 33 | Zinf: 340,00 | Zsup: 660404,02 | minZsup: 586483,68 | O_Cuts: 6336 | FCuts: 0 | Time: 96,27 (s)
Iter: 34 | Zinf: 360,00 | Zsup: 586543,68 | minZsup: 586483,68 | O_Cuts: 6528 | FCuts: 0 | Time: 99,89 (s)
Iter: 35 | Zinf: 370,00 | Zsup: 587318,24 | minZsup: 586483,68 | O_Cuts: 6720 | FCuts: 0 | Time: 103,36 (s)
Iter: 36 | Zinf: 370,00 | Zsup: 587583,29 | minZsup: 586483,68 | O_Cuts: 6912 | FCuts: 0 | Time: 106,52 (s)
Iter: 37 | Zinf: 370,00 | Zsup: 596392,58 | minZsup: 586483,68 | O_Cuts: 7104 | FCuts: 0 | Time: 109,94 (s)
Iter: 38 | Zinf: 370,00 | Zsup: 596208,08 | minZsup: 586483,68 | O_Cuts: 7296 | FCuts: 0 | Time: 113,41 (s)
Iter: 39 | Zinf: 400,00 | Zsup: 586583,68 | minZsup: 586483,68 | O_Cuts: 7488 | FCuts: 0 | Time: 116,93 (s)
Iter: 40 | Zinf: 400,00 | Zsup: 619393,42 | minZsup: 586483,68 | O_Cuts: 7680 | FCuts: 0 | Time: 120,87 (s)
Iter: 41 | Zinf: 400,00 | Zsup: 634838,74 | minZsup: 586483,68 | O_Cuts: 7872 | FCuts: 0 | Time: 124,05 (s)
Iter: 42 | Zinf: 400,00 | Zsup: 586583,68 | minZsup: 586483,68 | O_Cuts: 8064 | FCuts: 0 | Time: 128,61 (s)
Iter: 43 | Zinf: 400,00 | Zsup: 586583,68 | minZsup: 586483,68 | O_Cuts: 8256 | FCuts: 0 | Time: 135,10 (s)
Iter: 44 | Zinf: 229669,85 | Zsup: 587288,24 | minZsup: 586483,68 | O_Cuts: 8448 | FCuts: 0 | Time: 140,76 (s)
Iter: 45 | Zinf: 229669,85 | Zsup: 586523,68 | minZsup: 586483,68 | O_Cuts: 8640 | FCuts: 0 | Time: 146,62 (s)
Iter: 46 | Zinf: 229679,85 | Zsup: 586533,68 | minZsup: 586483,68 | O_Cuts: 8832 | FCuts: 0 | Time: 152,73 (s)
Iter: 47 | Zinf: 229689,85 | Zsup: 586543,68 | minZsup: 586483,68 | O_Cuts: 9024 | FCuts: 0 | Time: 159,03 (s)
Iter: 48 | Zinf: 229699,85 | Zsup: 586553,68 | minZsup: 586483,68 | O_Cuts: 9216 | FCuts: 0 | Time: 164,88 (s)
Iter: 49 | Zinf: 229709,85 | Zsup: 586563,68 | minZsup: 586483,68 | O_Cuts: 9408 | FCuts: 0 | Time: 171,52 (s)
