Iter: 1 | Zinf: 100,00 | Zsup: 646717,69 | Incumbent: 999999999999999926539781176481198923508803215199467887262646419780362305536,00 | O_Cuts: 192 | FCuts: 0 | Time: 12,80 (s)
Iter: 2 | Zinf: 100,00 | Zsup: 656145,53 | Incumbent: 999999999999999926539781176481198923508803215199467887262646419780362305536,00 | O_Cuts: 384 | FCuts: 0 | Time: 19,40 (s)
Iter: 3 | Zinf: 100,00 | Zsup: 679161,61 | Incumbent: 999999999999999926539781176481198923508803215199467887262646419780362305536,00 | O_Cuts: 576 | FCuts: 0 | Time: 27,69 (s)
Iter: 4 | Zinf: 679161,61 | Zsup: 679161,61 | Incumbent: 999999999999999926539781176481198923508803215199467887262646419780362305536,00 | O_Cuts: 576 | FCuts: 0 | Time: 31,97 (s)
Iter: 5 | Zinf: 100,00 | Zsup: 606646,10 | Incumbent: 679161,61 | O_Cuts: 768 | FCuts: 0 | Time: 36,37 (s)
Iter: 6 | Zinf: 180,00 | Zsup: 592732,47 | Incumbent: 679161,61 | O_Cuts: 960 | FCuts: 0 | Time: 40,01 (s)
Iter: 7 | Zinf: 100,00 | Zsup: 641224,39 | Incumbent: 679161,61 | O_Cuts: 1152 | FCuts: 0 | Time: 42,88 (s)
Iter: 8 | Zinf: 641224,39 | Zsup: 641224,39 | Incumbent: 679161,61 | O_Cuts: 1152 | FCuts: 0 | Time: 45,37 (s)
Iter: 9 | Zinf: 100,00 | Zsup: 640401,51 | Incumbent: 641224,39 | O_Cuts: 1344 | FCuts: 0 | Time: 48,10 (s)
Iter: 10 | Zinf: 100,00 | Zsup: 661527,46 | Incumbent: 641224,39 | O_Cuts: 1536 | FCuts: 0 | Time: 50,68 (s)
Iter: 11 | Zinf: 100,00 | Zsup: 628276,36 | Incumbent: 641224,39 | O_Cuts: 1728 | FCuts: 0 | Time: 53,34 (s)
Iter: 12 | Zinf: 100,00 | Zsup: 628276,36 | Incumbent: 641224,39 | O_Cuts: 1920 | FCuts: 0 | Time: 56,10 (s)
Iter: 13 | Zinf: 220,00 | Zsup: 599528,19 | Incumbent: 641224,39 | O_Cuts: 2112 | FCuts: 0 | Time: 59,19 (s)
Iter: 14 | Zinf: 250,00 | Zsup: 599558,19 | Incumbent: 641224,39 | O_Cuts: 2304 | FCuts: 0 | Time: 62,10 (s)
Iter: 15 | Zinf: 300,00 | Zsup: 594450,10 | Incumbent: 641224,39 | O_Cuts: 2496 | FCuts: 0 | Time: 65,86 (s)
Iter: 16 | Zinf: 260,00 | Zsup: 621723,36 | Incumbent: 641224,39 | O_Cuts: 2688 | FCuts: 0 | Time: 69,33 (s)
Iter: 17 | Zinf: 310,00 | Zsup: 621773,36 | Incumbent: 641224,39 | O_Cuts: 2880 | FCuts: 0 | Time: 72,64 (s)
Iter: 18 | Zinf: 360,00 | Zsup: 621823,36 | Incumbent: 641224,39 | O_Cuts: 3072 | FCuts: 0 | Time: 75,93 (s)
Iter: 19 | Zinf: 449325,00 | Zsup: 679221,61 | Incumbent: 641224,39 | O_Cuts: 3264 | FCuts: 0 | Time: 79,07 (s)
Iter: 20 | Zinf: 258034,28 | Zsup: 660888,43 | Incumbent: 641224,39 | O_Cuts: 3456 | FCuts: 0 | Time: 81,89 (s)
Iter: 21 | Zinf: 621803,36 | Zsup: 621803,36 | Incumbent: 641224,39 | O_Cuts: 3456 | FCuts: 0 | Time: 84,58 (s)
Iter: 22 | Zinf: 364563,49 | Zsup: 596148,08 | Incumbent: 621803,36 | O_Cuts: 3648 | FCuts: 0 | Time: 87,45 (s)
Iter: 23 | Zinf: 364593,49 | Zsup: 593923,34 | Incumbent: 621803,36 | O_Cuts: 3840 | FCuts: 0 | Time: 90,40 (s)
Iter: 24 | Zinf: 365109,47 | Zsup: 594439,31 | Incumbent: 621803,36 | O_Cuts: 4032 | FCuts: 0 | Time: 93,77 (s)
Iter: 25 | Zinf: 365139,47 | Zsup: 594469,31 | Incumbent: 621803,36 | O_Cuts: 4224 | FCuts: 0 | Time: 96,70 (s)
Iter: 26 | Zinf: 365169,47 | Zsup: 594499,31 | Incumbent: 621803,36 | O_Cuts: 4416 | FCuts: 0 | Time: 99,69 (s)
Iter: 27 | Zinf: 405556,81 | Zsup: 634886,66 | Incumbent: 621803,36 | O_Cuts: 4608 | FCuts: 0 | Time: 102,25 (s)
Iter: 28 | Zinf: 405556,81 | Zsup: 634886,66 | Incumbent: 621803,36 | O_Cuts: 4800 | FCuts: 0 | Time: 104,94 (s)
Iter: 29 | Zinf: 405586,81 | Zsup: 634916,66 | Incumbent: 621803,36 | O_Cuts: 4992 | FCuts: 0 | Time: 108,08 (s)
Iter: 30 | Zinf: 594499,31 | Zsup: 594499,31 | Incumbent: 621803,36 | O_Cuts: 4992 | FCuts: 0 | Time: 111,23 (s)
Iter: 31 | Zinf: 594439,31 | Zsup: 594439,31 | Incumbent: 594499,31 | O_Cuts: 4992 | FCuts: 0 | Time: 114,04 (s)
Iter: 32 | Zinf: 210,00 | Zsup: 660274,02 | Incumbent: 594439,31 | O_Cuts: 5184 | FCuts: 0 | Time: 116,79 (s)
Iter: 33 | Zinf: 250,00 | Zsup: 615078,25 | Incumbent: 594439,31 | O_Cuts: 5376 | FCuts: 0 | Time: 119,39 (s)
Iter: 34 | Zinf: 260,00 | Zsup: 660324,02 | Incumbent: 594439,31 | O_Cuts: 5568 | FCuts: 0 | Time: 121,86 (s)
Iter: 35 | Zinf: 403134,15 | Zsup: 660344,02 | Incumbent: 594439,31 | O_Cuts: 5760 | FCuts: 0 | Time: 123,89 (s)
Iter: 36 | Zinf: 403134,15 | Zsup: 660344,02 | Incumbent: 594439,31 | O_Cuts: 5952 | FCuts: 0 | Time: 125,77 (s)
Iter: 37 | Zinf: 263526,89 | Zsup: 621145,28 | Incumbent: 594439,31 | O_Cuts: 6144 | FCuts: 0 | Time: 128,94 (s)
Iter: 38 | Zinf: 263546,89 | Zsup: 620400,72 | Incumbent: 594439,31 | O_Cuts: 6336 | FCuts: 0 | Time: 132,36 (s)
Iter: 39 | Zinf: 263566,89 | Zsup: 620420,72 | Incumbent: 594439,31 | O_Cuts: 6528 | FCuts: 0 | Time: 135,73 (s)
Iter: 40 | Zinf: 263586,89 | Zsup: 620440,72 | Incumbent: 594439,31 | O_Cuts: 6720 | FCuts: 0 | Time: 138,93 (s)
Iter: 41 | Zinf: 263606,89 | Zsup: 620460,72 | Incumbent: 594439,31 | O_Cuts: 6912 | FCuts: 0 | Time: 142,07 (s)
Iter: 42 | Zinf: 263626,89 | Zsup: 620480,72 | Incumbent: 594439,31 | O_Cuts: 7104 | FCuts: 0 | Time: 144,81 (s)
